<?xml version="1.0" encoding="UTF-8"?>
<!-- Generated by org.testng.reporters.JUnitReportReporter -->
<testsuite hostname="DESKTOP-CA0J4UF" failures="0" tests="4" name="com.Testng2.NewTest" time="0.042" errors="0" timestamp="2022-11-23T17:01:06 IST" skipped="0">
  <testcase classname="com.Testng2.NewTest" name="f" time="0.018"/>
  <system-out/>
  <testcase classname="com.Testng2.NewTest" name="v3" time="0.010"/>
  <system-out/>
  <testcase classname="com.Testng2.NewTest" name="v4" time="0.009"/>
  <system-out/>
  <testcase classname="com.Testng2.NewTest" name="v2" time="0.005"/>
  <system-out/>
</testsuite> <!-- com.Testng2.NewTest -->
