<?xml version="1.0" encoding="UTF-8"?>
<!-- Generated by org.testng.reporters.JUnitReportReporter -->
<testsuite hostname="DESKTOP-CA0J4UF" failures="0" tests="5" name="com.TestngDemo.TestngDemo" time="0.046" errors="0" timestamp="2022-11-23T17:00:39 IST" skipped="0">
  <testcase classname="com.TestngDemo.TestngDemo" name="moblie6" time="0.009"/>
  <system-out/>
  <testcase classname="com.TestngDemo.TestngDemo" name="moblie6" time="0.006"/>
  <system-out/>
  <testcase classname="com.TestngDemo.TestngDemo" name="moblie5" time="0.007"/>
  <system-out/>
  <testcase classname="com.TestngDemo.TestngDemo" name="moblie6" time="0.008"/>
  <system-out/>
  <testcase classname="com.TestngDemo.TestngDemo" name="moblie5" time="0.016"/>
  <system-out/>
</testsuite> <!-- com.TestngDemo.TestngDemo -->
